<?xml version="1.0" encoding="UTF-8"?>
<!-- Generated by org.testng.reporters.JUnitReportReporter -->
<testsuite skipped="0" hostname="MSI" name="com.demo.test.TestClass" tests="1" failures="0" timestamp="21 Jan 2021 16:07:32 GMT" time="1.480" errors="0">
  <testcase name="testFunc1" time="1.480" classname="com.demo.test.TestClass"/>
</testsuite> <!-- com.demo.test.TestClass -->
