<?xml version="1.0" encoding="UTF-8"?>
<!-- Generated by org.testng.reporters.JUnitReportReporter -->
<testsuite skipped="0" hostname="MSI" name="com.demo.test.TestClass" tests="2" failures="0" timestamp="21 Jan 2021 10:10:47 GMT" time="0.008" errors="0">
  <testcase name="testFunc2" time="0.001" classname="com.demo.test.TestClass"/>
  <testcase name="testFunc1" time="0.007" classname="com.demo.test.TestClass"/>
</testsuite> <!-- com.demo.test.TestClass -->
